<?xml version="1.0" encoding="UTF-8"?>
<testng-results skipped="0" failed="0" ignored="0" total="1" passed="1">
  <reporter-output>
  </reporter-output>
  <suite name="Suite" duration-ms="9766" started-at="2021-02-04T16:56:36 IST" finished-at="2021-02-04T16:56:46 IST">
    <groups>
    </groups>
    <test name="Test" duration-ms="9766" started-at="2021-02-04T16:56:36 IST" finished-at="2021-02-04T16:56:46 IST">
      <class name="BrowserTestwithPageObjectsTestNG">
        <test-method status="PASS" signature="setUp()[pri:0, instance:BrowserTestwithPageObjectsTestNG@6acdbdf5]" name="setUp" is-config="true" duration-ms="7579" started-at="2021-02-04T16:56:36 IST" finished-at="2021-02-04T16:56:43 IST">
          <reporter-output>
          </reporter-output>
        </test-method> <!-- setUp -->
        <test-method status="PASS" signature="login()[pri:0, instance:BrowserTestwithPageObjectsTestNG@6acdbdf5]" name="login" duration-ms="1513" started-at="2021-02-04T16:56:43 IST" finished-at="2021-02-04T16:56:45 IST">
          <reporter-output>
          </reporter-output>
        </test-method> <!-- login -->
        <test-method status="PASS" signature="completeTest()[pri:0, instance:BrowserTestwithPageObjectsTestNG@6acdbdf5]" name="completeTest" is-config="true" duration-ms="651" started-at="2021-02-04T16:56:45 IST" finished-at="2021-02-04T16:56:46 IST">
          <reporter-output>
          </reporter-output>
        </test-method> <!-- completeTest -->
      </class> <!-- BrowserTestwithPageObjectsTestNG -->
    </test> <!-- Test -->
  </suite> <!-- Suite -->
</testng-results>
